\BOOKMARK [0][-]{chapter*.1}{\376\377\201\364\213\035}{}% 1
\BOOKMARK [0][-]{chapter*.2}{\376\377\144\130\211\201}{}% 2
\BOOKMARK [0][-]{chapter*.3}{\376\377\000A\000b\000s\000t\000r\000a\000c\000t}{}% 3
\BOOKMARK [0][-]{section*.4}{\376\377\166\356\223\004}{}% 4
\BOOKMARK [0][-]{section*.5}{\376\377\127\026\166\356\223\004}{}% 5
\BOOKMARK [0][-]{section*.6}{\376\377\210\150\166\356\223\004}{}% 6
\BOOKMARK [0][-]{chapter.1}{\376\377\175\322\212\326}{}% 7
\BOOKMARK [1][-]{section.1.1}{\376\377\170\024\172\166\200\314\146\157}{chapter.1}% 8
\BOOKMARK [1][-]{section.1.2}{\376\377\170\024\172\166\122\325\152\137\202\007\125\117\230\114}{chapter.1}% 9
\BOOKMARK [1][-]{section.1.3}{\376\377\172\340\173\300\133\211\143\222}{chapter.1}% 10
\BOOKMARK [0][-]{chapter.2}{\376\377\145\207\163\173\126\336\230\147}{}% 11
\BOOKMARK [1][-]{section.2.1}{\376\377\117\115\177\156\143\317\217\360\166\204\212\236\212\000\137\142\137\017}{chapter.2}% 12
\BOOKMARK [1][-]{section.2.2}{\376\377\127\060\164\006\172\172\225\223\166\204\212\236\141\017}{chapter.2}% 13
\BOOKMARK [1][-]{section.2.3}{\376\377\167\345\213\130\147\054\232\324\202\007\165\042\165\037\201\352\161\066\212\236\212\000}{chapter.2}% 14
\BOOKMARK [1][-]{section.2.4}{\376\377\167\345\213\130\147\054\232\324\202\007\165\042\165\037\201\352\161\066\212\236\212\000}{chapter.2}% 15
\BOOKMARK [0][-]{chapter.3}{\376\377\170\024\172\166\145\271\154\325}{}% 16
\BOOKMARK [1][-]{section.3.1}{\376\377\117\115\177\156\143\317\217\360\212\236\141\017\000\050\000O\000-\000S\000L\000D\000\051\116\011\134\144\137\017\147\266\151\313\212\055\212\010}{chapter.3}% 17
\BOOKMARK [1][-]{section.3.2}{\376\377\117\115\177\156\143\317\217\360\167\345\213\130\147\054\232\324\000\050\000l\000o\000c\000a\000t\000i\000o\000n\000\040\000d\000e\000s\000c\000r\000i\000p\000t\000i\000o\000n\000\040\000o\000n\000t\000o\000l\000o\000g\000y\000,\000\040\000L\000o\000c\000D\000\051}{chapter.3}% 18
\BOOKMARK [2][-]{subsection.3.2.1}{\376\377\116\012\134\144\167\345\213\130\147\054\232\324}{section.3.2}% 19
\BOOKMARK [3][-]{subsubsection.3.2.1.1}{\376\377\000D\000e\000s\000c\000r\000i\000p\000t\000i\000v\000e\000\040\000O\000n\000t\000o\000l\000o\000g\000y\000\040\000f\000o\000r\000\040\000L\000i\000n\000g\000u\000i\000s\000t\000i\000c\000\040\000a\000n\000d\000\040\000C\000o\000g\000n\000i\000t\000i\000v\000e\000\040\000E\000n\000g\000i\000n\000e\000e\000r\000i\000n\000g\000\040\000\050\000D\000O\000L\000C\000E\000\051}{subsection.3.2.1}% 20
\BOOKMARK [3][-]{subsubsection.3.2.1.2}{\376\377\000G\000e\000o\000S\000P\000A\000R\000Q\000L\000\040\000O\000n\000t\000o\000l\000o\000g\000y}{subsection.3.2.1}% 21
\BOOKMARK [3][-]{subsubsection.3.2.1.3}{\376\377\000E\000x\000t\000e\000n\000d\000e\000d\000-\000H\000o\000w\000N\000e\000t\000\040\000O\000n\000t\000o\000l\000o\000g\000y\000\040\000\050\000E\000-\000H\000o\000w\000N\000e\000t\000\040\000O\000n\000t\000o\000l\000o\000g\000y\000\051}{subsection.3.2.1}% 22
\BOOKMARK [2][-]{subsection.3.2.2}{\376\377\127\026\137\265\123\312\140\047\214\352}{section.3.2}% 23
\BOOKMARK [3][-]{subsubsection.3.2.2.1}{\376\377\230\136\127\213}{subsection.3.2.2}% 24
\BOOKMARK [3][-]{subsubsection.3.2.2.2}{\376\377\000G\000I\000S\172\172\225\223\144\315\117\134}{subsection.3.2.2}% 25
\BOOKMARK [2][-]{subsection.3.2.3}{\376\377\117\115\177\156\143\317\217\360\202\007\172\172\225\223\151\202\137\365}{section.3.2}% 26
\BOOKMARK [3][-]{subsubsection.3.2.3.1}{\376\377\172\172\225\223\116\313\212\136\202\007\145\271\117\115\212\136}{subsection.3.2.3}% 27
\BOOKMARK [1][-]{section.3.3}{\376\377\172\172\225\223\212\215\167\345\116\011\226\216\153\265\211\217\122\107}{chapter.3}% 28
\BOOKMARK [2][-]{subsection.3.3.1}{\376\377\140\305\130\203\137\161\227\377\123\303\200\003\162\151\220\170\144\307}{section.3.3}% 29
\BOOKMARK [2][-]{subsection.3.3.2}{\376\377\214\307\145\231\134\144\122\060\212\236\141\017\134\144}{section.3.3}% 30
\BOOKMARK [2][-]{subsection.3.3.3}{\376\377\212\236\141\017\134\144\122\060\201\352\161\066\212\236\212\000\134\144}{section.3.3}% 31
\BOOKMARK [1][-]{section.3.4}{\376\377\140\305\130\203\122\006\147\220}{chapter.3}% 32
\BOOKMARK [2][-]{subsection.3.4.1}{\376\377\116\244\220\032\140\305\130\203}{section.3.4}% 33
\BOOKMARK [3][-]{subsubsection.3.4.1.1}{\376\377\000L\000o\000c\000D\167\345\213\130\147\054\232\324\144\364\134\125}{subsection.3.4.1}% 34
\BOOKMARK [3][-]{subsubsection.3.4.1.2}{\376\377\140\305\130\203\225\334\200\157\116\113\211\217\122\107\133\232\177\251}{subsection.3.4.1}% 35
\BOOKMARK [3][-]{subsubsection.3.4.1.3}{\376\377\152\043\147\177\212\055\212\010}{subsection.3.4.1}% 36
\BOOKMARK [2][-]{subsection.3.4.2}{\376\377\160\175\226\062\124\112\213\146\140\305\130\203}{section.3.4}% 37
\BOOKMARK [3][-]{subsubsection.3.4.2.1}{\376\377\000L\000o\000c\000D\167\345\213\130\147\054\232\324\144\364\134\125}{subsection.3.4.2}% 38
\BOOKMARK [3][-]{subsubsection.3.4.2.2}{\376\377\140\305\130\203\225\334\200\157\116\113\211\217\122\107\133\232\177\251}{subsection.3.4.2}% 39
\BOOKMARK [3][-]{subsubsection.3.4.2.3}{\376\377\152\043\147\177\212\055\212\010}{subsection.3.4.2}% 40
\BOOKMARK [1][-]{section.3.5}{\376\377\212\125\117\060\145\271\154\325}{chapter.3}% 41
\BOOKMARK [0][-]{chapter.4}{\376\377\127\372\145\274\167\345\213\130\147\054\232\324\116\113\117\115\177\156\143\317\217\360\166\204\175\262\215\357\175\262\215\357\127\060\164\006\214\307\212\012\174\373\175\161\141\311\165\050\145\164\124\010}{}% 42
\BOOKMARK [0][-]{chapter.5}{\376\377\150\110\117\213\170\024\172\166}{}% 43
\BOOKMARK [1][-]{section.5.1}{\376\377\133\346\232\127\123\100\123\312\127\026\214\307\116\313\175\071}{chapter.5}% 44
\BOOKMARK [1][-]{section.5.2}{\376\377\170\024\172\166\175\120\147\234}{chapter.5}% 45
\BOOKMARK [1][-]{section.5.3}{\376\377\212\125\117\060\202\007\212\016\212\326}{chapter.5}% 46
\BOOKMARK [0][-]{chapter.6}{\376\377\175\120\212\326\202\007\147\052\117\206\134\125\147\033}{}% 47
\BOOKMARK [0][-]{section*.26}{\376\377\123\303\200\003\145\207\163\173}{}% 48
\BOOKMARK [0][-]{section*.28}{\376\377\226\104\223\004\000\040\000A\000\040\040\024\000\040\000R\000e\000s\000u\000l\000t\000\040\000a\000n\000d\000\040\000E\000v\000a\000l\000u\000a\000t\000i\000o\000n}{}% 49
\BOOKMARK [1][-]{section.6.1}{\376\377\000R\000e\000s\000u\000l\000t}{section*.28}% 50
\BOOKMARK [1][-]{section.6.2}{\376\377\000E\000v\000a\000l\000u\000a\000t\000i\000o\000n}{section*.28}% 51
